nohup: ignoring input
节点数为 317080
边数为 1049866
标签 7 的边数量为 2
标签 6 的边数量为 5
标签 4 的边数量为 400
标签 5 的边数量为 48
标签 3 的边数量为 3649
标签 1 的边数量为 308213
标签 2 的边数量为 33472
标签 0 的边数量为 704077
单个标签最多边数为 704077
标签数为 8
单个标签平均边数为 131233
去除多边的边数为 1049866
最大度数为 343
图加载完成，开始构造标签集合以及查询标签
选定标签集合和查询标签集合
查看当前数据集是否为连通图
Graph is connected.
make the graph connected.
the kmax is 113
successedfully build the k-core hierarchy.
the k-core hierarchy built in 47753 ms
Loading index from file...
the LCS index has been built.
the LCS Index built in 7610 ms
当前k为 11
集合大小为 102 当前标签为 1
交集大小为 102
集合大小为 2597 当前标签为 0
交集大小为 102
k为 11 时,CL-Tree的平均查询结果为102 查询时间为 25817
k为 11 时,索引结构的平均查询结果为102 查询时间为 161

集合大小为 143 当前标签为 1
交集大小为 143
集合大小为 2597 当前标签为 0
交集大小为 143
k为 11 时,CL-Tree的平均查询结果为143 查询时间为 24437
k为 11 时,索引结构的平均查询结果为143 查询时间为 153

集合大小为 143 当前标签为 1
交集大小为 143
集合大小为 2597 当前标签为 0
交集大小为 143
k为 11 时,CL-Tree的平均查询结果为143 查询时间为 24509
k为 11 时,索引结构的平均查询结果为143 查询时间为 154

集合大小为 143 当前标签为 1
交集大小为 143
集合大小为 2597 当前标签为 0
交集大小为 143
k为 11 时,CL-Tree的平均查询结果为143 查询时间为 24606
k为 11 时,索引结构的平均查询结果为143 查询时间为 170

集合大小为 102 当前标签为 1
交集大小为 102
集合大小为 2597 当前标签为 0
交集大小为 102
k为 11 时,CL-Tree的平均查询结果为102 查询时间为 25391
k为 11 时,索引结构的平均查询结果为102 查询时间为 177

加速比为 153.08

当前k为 11
集合大小为 1 当前标签为 2
集合大小为 143 当前标签为 1
集合大小为 1 当前标签为 3
交集大小为 143
集合大小为 1 当前标签为 3
集合大小为 143 当前标签为 1
集合大小为 2597 当前标签为 0
交集大小为 143
k为 11 时,CL-Tree的平均查询结果为143 查询时间为 41767
k为 11 时,索引结构的平均查询结果为143 查询时间为 181

集合大小为 1 当前标签为 2
集合大小为 143 当前标签为 1
集合大小为 1 当前标签为 3
交集大小为 143
集合大小为 1 当前标签为 3
集合大小为 143 当前标签为 1
集合大小为 2597 当前标签为 0
交集大小为 143
k为 11 时,CL-Tree的平均查询结果为143 查询时间为 41573
k为 11 时,索引结构的平均查询结果为143 查询时间为 184

集合大小为 1 当前标签为 2
集合大小为 143 当前标签为 1
集合大小为 1 当前标签为 3
交集大小为 143
集合大小为 1 当前标签为 3
集合大小为 143 当前标签为 1
集合大小为 2597 当前标签为 0
交集大小为 143
k为 11 时,CL-Tree的平均查询结果为143 查询时间为 41277
k为 11 时,索引结构的平均查询结果为143 查询时间为 207

集合大小为 1 当前标签为 2
集合大小为 143 当前标签为 1
集合大小为 1 当前标签为 3
交集大小为 143
集合大小为 1 当前标签为 3
集合大小为 143 当前标签为 1
集合大小为 2597 当前标签为 0
交集大小为 143
k为 11 时,CL-Tree的平均查询结果为143 查询时间为 42015
k为 11 时,索引结构的平均查询结果为143 查询时间为 186

集合大小为 1 当前标签为 2
集合大小为 102 当前标签为 1
集合大小为 1 当前标签为 3
交集大小为 102
集合大小为 1 当前标签为 3
集合大小为 102 当前标签为 1
集合大小为 2597 当前标签为 0
交集大小为 102
k为 11 时,CL-Tree的平均查询结果为102 查询时间为 41130
k为 11 时,索引结构的平均查询结果为102 查询时间为 190

加速比为 188.611

当前k为 11
集合大小为 1 当前标签为 4
集合大小为 1 当前标签为 2
集合大小为 143 当前标签为 1
集合大小为 1 当前标签为 5
集合大小为 1 当前标签为 3
交集大小为 143
集合大小为 1 当前标签为 2
集合大小为 1 当前标签为 5
集合大小为 1 当前标签为 3
集合大小为 143 当前标签为 1
集合大小为 2597 当前标签为 0
交集大小为 143
k为 11 时,CL-Tree的平均查询结果为143 查询时间为 59571
k为 11 时,索引结构的平均查询结果为143 查询时间为 232

集合大小为 1 当前标签为 4
集合大小为 1 当前标签为 2
集合大小为 143 当前标签为 1
集合大小为 1 当前标签为 5
集合大小为 1 当前标签为 3
交集大小为 143
集合大小为 1 当前标签为 2
集合大小为 1 当前标签为 5
集合大小为 1 当前标签为 3
集合大小为 143 当前标签为 1
集合大小为 2597 当前标签为 0
交集大小为 143
k为 11 时,CL-Tree的平均查询结果为143 查询时间为 59667
k为 11 时,索引结构的平均查询结果为143 查询时间为 223

集合大小为 1 当前标签为 4
集合大小为 1 当前标签为 2
集合大小为 61 当前标签为 1
集合大小为 1 当前标签为 5
集合大小为 1 当前标签为 3
交集大小为 61
集合大小为 1 当前标签为 2
集合大小为 1 当前标签为 5
集合大小为 1 当前标签为 3
集合大小为 61 当前标签为 1
集合大小为 63 当前标签为 0
交集大小为 61
k为 11 时,CL-Tree的平均查询结果为61 查询时间为 59679
k为 11 时,索引结构的平均查询结果为61 查询时间为 116

集合大小为 1 当前标签为 4
集合大小为 1 当前标签为 2
集合大小为 102 当前标签为 1
集合大小为 1 当前标签为 5
集合大小为 1 当前标签为 3
交集大小为 102
集合大小为 1 当前标签为 2
集合大小为 1 当前标签为 5
集合大小为 1 当前标签为 3
集合大小为 102 当前标签为 1
集合大小为 2597 当前标签为 0
交集大小为 102
k为 11 时,CL-Tree的平均查询结果为102 查询时间为 58934
k为 11 时,索引结构的平均查询结果为102 查询时间为 225

集合大小为 1 当前标签为 4
集合大小为 1 当前标签为 2
集合大小为 61 当前标签为 1
集合大小为 1 当前标签为 5
集合大小为 1 当前标签为 3
交集大小为 61
集合大小为 1 当前标签为 2
集合大小为 1 当前标签为 5
集合大小为 1 当前标签为 3
集合大小为 61 当前标签为 1
集合大小为 63 当前标签为 0
交集大小为 61
k为 11 时,CL-Tree的平均查询结果为61 查询时间为 60330
k为 11 时,索引结构的平均查询结果为61 查询时间为 118

加速比为 235.601

当前k为 11
集合大小为 1 当前标签为 6
集合大小为 1 当前标签为 2
集合大小为 1 当前标签为 4
集合大小为 61 当前标签为 1
集合大小为 1 当前标签为 3
集合大小为 1 当前标签为 5
集合大小为 1 当前标签为 7
交集大小为 61
集合大小为 1 当前标签为 2
集合大小为 1 当前标签为 4
集合大小为 1 当前标签为 7
集合大小为 1 当前标签为 3
集合大小为 1 当前标签为 5
集合大小为 61 当前标签为 1
集合大小为 63 当前标签为 0
交集大小为 61
k为 11 时,CL-Tree的平均查询结果为61 查询时间为 77724
k为 11 时,索引结构的平均查询结果为61 查询时间为 162

集合大小为 1 当前标签为 6
集合大小为 1 当前标签为 2
集合大小为 1 当前标签为 4
集合大小为 143 当前标签为 1
集合大小为 1 当前标签为 3
集合大小为 1 当前标签为 5
集合大小为 1 当前标签为 7
交集大小为 143
集合大小为 1 当前标签为 2
集合大小为 1 当前标签为 4
集合大小为 1 当前标签为 7
集合大小为 1 当前标签为 3
集合大小为 1 当前标签为 5
集合大小为 143 当前标签为 1
集合大小为 2597 当前标签为 0
交集大小为 143
k为 11 时,CL-Tree的平均查询结果为143 查询时间为 79031
k为 11 时,索引结构的平均查询结果为143 查询时间为 233

集合大小为 1 当前标签为 6
集合大小为 1 当前标签为 2
集合大小为 1 当前标签为 4
集合大小为 143 当前标签为 1
集合大小为 1 当前标签为 3
集合大小为 1 当前标签为 5
集合大小为 1 当前标签为 7
交集大小为 143
集合大小为 1 当前标签为 2
集合大小为 1 当前标签为 4
集合大小为 1 当前标签为 7
集合大小为 1 当前标签为 3
集合大小为 1 当前标签为 5
集合大小为 143 当前标签为 1
集合大小为 2597 当前标签为 0
交集大小为 143
k为 11 时,CL-Tree的平均查询结果为143 查询时间为 79072
k为 11 时,索引结构的平均查询结果为143 查询时间为 253

集合大小为 1 当前标签为 6
集合大小为 1 当前标签为 2
集合大小为 1 当前标签为 4
集合大小为 61 当前标签为 1
集合大小为 1 当前标签为 3
集合大小为 1 当前标签为 5
集合大小为 1 当前标签为 7
交集大小为 61
集合大小为 1 当前标签为 2
集合大小为 1 当前标签为 4
集合大小为 1 当前标签为 7
集合大小为 1 当前标签为 3
集合大小为 1 当前标签为 5
集合大小为 61 当前标签为 1
集合大小为 63 当前标签为 0
交集大小为 61
k为 11 时,CL-Tree的平均查询结果为61 查询时间为 79162
k为 11 时,索引结构的平均查询结果为61 查询时间为 150

集合大小为 1 当前标签为 6
集合大小为 1 当前标签为 2
集合大小为 1 当前标签为 4
集合大小为 61 当前标签为 1
集合大小为 1 当前标签为 3
集合大小为 1 当前标签为 5
集合大小为 1 当前标签为 7
交集大小为 61
集合大小为 1 当前标签为 2
集合大小为 1 当前标签为 4
集合大小为 1 当前标签为 7
集合大小为 1 当前标签为 3
集合大小为 1 当前标签为 5
集合大小为 61 当前标签为 1
集合大小为 63 当前标签为 0
交集大小为 61
k为 11 时,CL-Tree的平均查询结果为61 查询时间为 79380
k为 11 时,索引结构的平均查询结果为61 查询时间为 141

加速比为 283.482

