nohup: ignoring input
节点数为 943
边数为 5919450
标签 10 的边数量为 106122
标签 12 的边数量为 176245
标签 7 的边数量为 16624
标签 17 的边数量为 466411
标签 2 的边数量为 422675
标签 0 的边数量为 36
标签 9 的边数量为 76712
标签 1 的边数量为 573629
标签 5 的边数量为 505660
标签 8 的边数量为 636903
标签 3 的边数量为 165186
标签 16 的边数量为 553177
标签 15 的边数量为 474234
标签 13 的边数量为 276026
标签 14 的边数量为 554712
标签 4 的边数量为 240393
标签 6 的边数量为 358113
标签 18 的边数量为 82993
标签 11 的边数量为 233599
单个标签最多边数为 636903
标签数为 19
单个标签平均边数为 311550
去除多边的边数为 429110
最大度数为 942
图加载完成，开始构造标签集合以及查询标签
选定标签集合和查询标签集合
查看当前数据集是否为连通图
Graph is connected.
make the graph connected.
the K max is 798
successedfully build the k-core .
Index file not found. Building index...
using the super optimization construction method.
begin to build the level; 
next level : 2
next level : 3
next level : 4
next level : 5
