nohup: ignoring input
节点数为 160076
边数为 1055005
标签 14 的边数量为 46434
标签 0 的边数量为 83377
标签 10 的边数量为 46909
标签 15 的边数量为 95638
标签 2 的边数量为 28521
标签 4 的边数量为 229053
标签 13 的边数量为 87915
标签 7 的边数量为 319026
标签 5 的边数量为 55581
标签 1 的边数量为 62551
单个标签最多边数为 319026
标签数为 10
单个标签平均边数为 105500
去除多边的边数为 1053992
最大度数为 83
图加载完成，开始构造标签集合以及查询标签
选定标签集合和查询标签集合
查看当前数据集是否为连通图
Graph is not connected.
make the graph connected.
the K max is 17
successedfully build the k-core .
using the normal construction method.
the LCS index has been built.
the LCS Index built in 18906697 ms
Memory usage of LcsIndex: 4580.27 MB
进行k值调整实验
k为 2 时,基于索引的查询时间为386
k为 2 时,在线搜索的查询时间为14503
k为 2 时,基于索引查询结果数量为92718
k为 2 时,在线搜索查询结果数量为92718

k为 5 时,基于索引的查询时间为584
k为 5 时,在线搜索的查询时间为14843
k为 5 时,基于索引查询结果数量为46663
k为 5 时,在线搜索查询结果数量为46663

k为 8 时,基于索引的查询时间为1269
k为 8 时,在线搜索的查询时间为15154
k为 8 时,基于索引查询结果数量为22576
k为 8 时,在线搜索查询结果数量为22576

k为 11 时,基于索引的查询时间为1278
k为 11 时,在线搜索的查询时间为15601
k为 11 时,基于索引查询结果数量为229
k为 11 时,在线搜索查询结果数量为229

k为 15 时,基于索引的查询时间为592
k为 15 时,在线搜索的查询时间为15590
k为 15 时,基于索引查询结果数量为0
k为 15 时,在线搜索查询结果数量为0

基于索引的平均查询时间为821.8
在线搜索的平均查询时间为15138.2
平均加速比为18.4208
