nohup: ignoring input
节点数为 6040
边数为 12140431
标签 7 的边数量为 468766
标签 2 的边数量为 766630
标签 4 的边数量为 2895093
标签 5 的边数量为 1057647
标签 1 的边数量为 867800
标签 3 的边数量为 469802
标签 6 的边数量为 2352741
标签 0 的边数量为 3261952
单个标签最多边数为 3261952
标签数为 8
单个标签平均边数为 1517553
去除多边的边数为 4979786
最大度数为 4726
图加载完成，开始构造标签集合以及查询标签
选定标签集合和查询标签集合
查看当前数据集是否为连通图
Graph is connected.
make the graph connected.
the kmax is 1560
successedfully build the k-core hierarchy.
the k-core hierarchy built in 16311143 ms
Loading index from file...
the LCS index has been built.
the LCS Index built in 207974 ms
the community1 size is 2845
the community2 size is 4562
the community1 size is 2896
the community2 size is 4571
the community1 size is 1869
the community2 size is 2879
the community1 size is 1950
the community2 size is 2890
the community1 size is 1869
the community2 size is 2879
the community1 size is 1950
the community2 size is 2890
the community1 size is 1869
the community2 size is 2879
the community1 size is 1950
the community2 size is 2890
the community1 size is 2846
the community2 size is 4562
the community1 size is 2897
the community2 size is 4571
加速比为 -nan

