nohup: ignoring input
节点数为 3072441
边数为 117185083
标签 8 的边数量为 1
标签 7 的边数量为 67
标签 6 的边数量为 799
标签 4 的边数量为 153367
标签 2 的边数量为 29260665
标签 5 的边数量为 10997
标签 3 的边数量为 2120791
标签 1 的边数量为 85638396
单个标签最多边数为 85638396
标签数为 8
单个标签平均边数为 14648135
去除多边的边数为 117185083
最大度数为 33313
图加载完成，开始构造标签集合以及查询标签
选定标签集合和查询标签集合
查看当前数据集是否为连通图
Graph is connected.
make the graph connected.
the K max is 253
successedfully build the k-core .
Index file not found. Building index...
using the super optimization construction method.
begin to build the level; 
