nohup: ignoring input
节点数为 896415
边数为 2336696
标签 4 的边数量为 13954
标签 0 的边数量为 25154
标签 9 的边数量为 58026
标签 6 的边数量为 151578
标签 2 的边数量为 90109
标签 8 的边数量为 224302
标签 3 的边数量为 32525
标签 1 的边数量为 858784
标签 5 的边数量为 318054
标签 7 的边数量为 564210
单个标签最多边数为 858784
标签数为 10
单个标签平均边数为 233669
去除多边的边数为 2199952
最大度数为 93
图加载完成，开始构造标签集合以及查询标签
选定标签集合和查询标签集合
查看当前数据集是否为连通图
Graph is not connected.
make the graph connected.
the K max is 68
successedfully build the k-core .
Index file not found. Building index...
using the super optimization construction method.
begin to build the level; 
next level : 2
next level : 3
next level : 4
next level : 5
next level : 6
next level : 7
next level : 8
next level : 9
Saving index to file...
the LCS index has been built.
the LCS Index built in 1824110 ms
Memory usage of LcsIndex: 723.791 MB
进行k值调整实验
k为 6 时,基于索引的查询时间为162
k为 6 时,在线搜索的查询时间为23496
k为 6 时,基于索引查询结果数量为8749
k为 6 时,在线搜索查询结果数量为8749

k为 20 时,基于索引的查询时间为24
k为 20 时,在线搜索的查询时间为23539
k为 20 时,基于索引查询结果数量为413
k为 20 时,在线搜索查询结果数量为413

k为 34 时,基于索引的查询时间为6
k为 34 时,在线搜索的查询时间为23283
k为 34 时,基于索引查询结果数量为0
k为 34 时,在线搜索查询结果数量为0

k为 47 时,基于索引的查询时间为2
k为 47 时,在线搜索的查询时间为23176
k为 47 时,基于索引查询结果数量为0
k为 47 时,在线搜索查询结果数量为0

k为 61 时,基于索引的查询时间为0
k为 61 时,在线搜索的查询时间为23147
k为 61 时,基于索引查询结果数量为0
k为 61 时,在线搜索查询结果数量为0

基于索引的平均查询时间为38.8
在线搜索的平均查询时间为23328.2
平均加速比为601.242
