nohup: ignoring input
节点数为 896415
边数为 2336696
标签 4 的边数量为 13954
标签 0 的边数量为 25154
标签 9 的边数量为 58026
标签 6 的边数量为 151578
标签 2 的边数量为 90109
标签 8 的边数量为 224302
标签 3 的边数量为 32525
标签 1 的边数量为 858784
标签 5 的边数量为 318054
标签 7 的边数量为 564210
单个标签最多边数为 858784
标签数为 10
单个标签平均边数为 233669
去除多边的边数为 2199952
最大度数为 93
图加载完成，开始构造标签集合以及查询标签
选定标签集合和查询标签集合
查看当前数据集是否为连通图
Graph is not connected.
make the graph connected.
the K max is 68
successedfully build the k-core .
using the normal construction method.
the LCS index has been built.
the LCS Index built in 26550652 ms
Memory usage of LcsIndex: 327.957 MB
进行k值调整实验
k为 6 时,基于索引的查询时间为336
k为 6 时,在线搜索的查询时间为28700
k为 6 时,基于索引查询结果数量为8749
k为 6 时,在线搜索查询结果数量为8749

k为 20 时,基于索引的查询时间为33
k为 20 时,在线搜索的查询时间为28999
k为 20 时,基于索引查询结果数量为413
k为 20 时,在线搜索查询结果数量为413

k为 34 时,基于索引的查询时间为8
k为 34 时,在线搜索的查询时间为29840
k为 34 时,基于索引查询结果数量为0
k为 34 时,在线搜索查询结果数量为0

k为 47 时,基于索引的查询时间为2
k为 47 时,在线搜索的查询时间为28961
k为 47 时,基于索引查询结果数量为0
k为 47 时,在线搜索查询结果数量为0

k为 61 时,基于索引的查询时间为0
k为 61 时,在线搜索的查询时间为28446
k为 61 时,基于索引查询结果数量为0
k为 61 时,在线搜索查询结果数量为0

基于索引的平均查询时间为75.8
在线搜索的平均查询时间为28989.2
平均加速比为382.443
