nohup: ignoring input
节点数为 49059
边数为 172956
标签 6 的边数量为 3819
标签 2 的边数量为 11899
标签 7 的边数量为 7873
标签 0 的边数量为 27368
标签 4 的边数量为 4712
标签 1 的边数量为 37571
标签 3 的边数量为 19204
标签 5 的边数量为 60510
单个标签最多边数为 60510
标签数为 8
单个标签平均边数为 21619
去除多边的边数为 125141
最大度数为 217
图加载完成，开始构造标签集合以及查询标签
选定标签集合和查询标签集合
查看当前数据集是否为连通图
Graph is not connected.
make the graph connected.
the K max is 203
successedfully build the k-core .
using the normal construction method.
the LCS index has been built.
the LCS Index built in 167927 ms
Memory usage of LcsIndex: 8.28226 MB
进行k值调整实验
k为 20 时,基于索引的查询时间为0
k为 20 时,在线搜索的查询时间为627
k为 20 时,基于索引查询结果数量为0
k为 20 时,在线搜索查询结果数量为0

k为 60 时,基于索引的查询时间为0
k为 60 时,在线搜索的查询时间为614
k为 60 时,基于索引查询结果数量为0
k为 60 时,在线搜索查询结果数量为0

k为 101 时,基于索引的查询时间为0
k为 101 时,在线搜索的查询时间为609
k为 101 时,基于索引查询结果数量为0
k为 101 时,在线搜索查询结果数量为0

k为 142 时,基于索引的查询时间为0
k为 142 时,在线搜索的查询时间为611
k为 142 时,基于索引查询结果数量为0
k为 142 时,在线搜索查询结果数量为0

k为 182 时,基于索引的查询时间为0
k为 182 时,在线搜索的查询时间为632
k为 182 时,基于索引查询结果数量为0
k为 182 时,在线搜索查询结果数量为0

基于索引的平均查询时间为0
在线搜索的平均查询时间为618.6
平均加速比为inf
