nohup: ignoring input
节点数为 410023
边数为 11999976
标签 8 的边数量为 1
标签 7 的边数量为 8
标签 6 的边数量为 129
标签 4 的边数量为 20041
标签 2 的边数量为 3128671
标签 5 的边数量为 1641
标签 3 的边数量为 252376
标签 1 的边数量为 8597109
单个标签最多边数为 8597109
标签数为 8
单个标签平均边数为 1499997
去除多边的边数为 10317064
最大度数为 40919
图加载完成，开始构造标签集合以及查询标签
选定标签集合和查询标签集合
查看当前数据集是否为连通图
Graph is not connected.
make the graph connected.
using the super optimization construction method.
begin to build the level; 
next level : 2
next level : 3
next level : 4
next level : 5
next level : 6
next level : 7
the LCS Index built in 1809457 ms
Memory usage of LcsIndex: 1855.32 MB
